<?xml version="1.0" encoding="UTF-8"?>
<!-- Generated by org.testng.reporters.JUnitReportReporter -->
<testsuite skipped="4" hostname="DESKTOP-MFA0791" name="com.crm.qa.testcases.HomePageTest" tests="5" failures="0" timestamp="2020-05-13T19:05:24 BST" time="16.112" errors="1">
  <testcase name="setUP" time="16.112" classname="com.crm.qa.testcases.HomePageTest">
    <error type="org.openqa.selenium.SessionNotCreatedException" message="session not created
from chrome not reachable
  (Session info: chrome=81.0.4044.138)
Build info: version: &#039;3.141.59&#039;, revision: &#039;e82be7d358&#039;, time: &#039;2018-11-14T08:17:03&#039;
System info: host: &#039;DESKTOP-MFA0791&#039;, ip: &#039;192.168.43.73&#039;, os.name: &#039;Windows 10&#039;, os.arch: &#039;amd64&#039;, os.version: &#039;10.0&#039;, java.version: &#039;1.8.0_251&#039;
Driver info: driver.version: ChromeDriver
remote stacktrace: Backtrace:
	Ordinal0 [0x00E00C83+1707139]
	Ordinal0 [0x00D668F1+1075441]
	Ordinal0 [0x00CDDE72+515698]
	Ordinal0 [0x00CD7CA8+490664]
	Ordinal0 [0x00CD839B+492443]
	Ordinal0 [0x00CD92F5+496373]
	Ordinal0 [0x00CD4F05+478981]
	Ordinal0 [0x00CDECA0+519328]
	Ordinal0 [0x00C8CA67+182887]
	Ordinal0 [0x00C8BDDD+179677]
	Ordinal0 [0x00C89D4B+171339]
	Ordinal0 [0x00C71D4A+73034]
	Ordinal0 [0x00C72DC0+77248]
	Ordinal0 [0x00C72D59+77145]
	Ordinal0 [0x00D7BB67+1162087]
	GetHandleVerifier [0x00E9A966+508998]
	GetHandleVerifier [0x00E9A6A4+508292]
	GetHandleVerifier [0x00EAF7B7+594583]
	GetHandleVerifier [0x00E9B1D6+511158]
	Ordinal0 [0x00D7402C+1130540]
	Ordinal0 [0x00D7D4CB+1168587]
	Ordinal0 [0x00D7D633+1168947]
	Ordinal0 [0x00D95B35+1268533]
	BaseThreadInitThunk [0x74B06359+25]
	RtlGetAppContainerNamedObjectPath [0x77207B74+228]
	RtlGetAppContainerNamedObjectPath [0x77207B44+180]
">
      <![CDATA[org.openqa.selenium.SessionNotCreatedException: session not created
from chrome not reachable
  (Session info: chrome=81.0.4044.138)
Build info: version: '3.141.59', revision: 'e82be7d358', time: '2018-11-14T08:17:03'
System info: host: 'DESKTOP-MFA0791', ip: '192.168.43.73', os.name: 'Windows 10', os.arch: 'amd64', os.version: '10.0', java.version: '1.8.0_251'
Driver info: driver.version: ChromeDriver
remote stacktrace: Backtrace:
Ordinal0 [0x00E00C83+1707139]
Ordinal0 [0x00D668F1+1075441]
Ordinal0 [0x00CDDE72+515698]
Ordinal0 [0x00CD7CA8+490664]
Ordinal0 [0x00CD839B+492443]
Ordinal0 [0x00CD92F5+496373]
Ordinal0 [0x00CD4F05+478981]
Ordinal0 [0x00CDECA0+519328]
Ordinal0 [0x00C8CA67+182887]
Ordinal0 [0x00C8BDDD+179677]
Ordinal0 [0x00C89D4B+171339]
Ordinal0 [0x00C71D4A+73034]
Ordinal0 [0x00C72DC0+77248]
Ordinal0 [0x00C72D59+77145]
Ordinal0 [0x00D7BB67+1162087]
GetHandleVerifier [0x00E9A966+508998]
GetHandleVerifier [0x00E9A6A4+508292]
GetHandleVerifier [0x00EAF7B7+594583]
GetHandleVerifier [0x00E9B1D6+511158]
Ordinal0 [0x00D7402C+1130540]
Ordinal0 [0x00D7D4CB+1168587]
Ordinal0 [0x00D7D633+1168947]
Ordinal0 [0x00D95B35+1268533]
BaseThreadInitThunk [0x74B06359+25]
RtlGetAppContainerNamedObjectPath [0x77207B74+228]
RtlGetAppContainerNamedObjectPath [0x77207B44+180]

at sun.reflect.NativeConstructorAccessorImpl.newInstance0(Native Method)
at sun.reflect.NativeConstructorAccessorImpl.newInstance(Unknown Source)
at sun.reflect.DelegatingConstructorAccessorImpl.newInstance(Unknown Source)
at java.lang.reflect.Constructor.newInstance(Unknown Source)
at org.openqa.selenium.remote.W3CHandshakeResponse.lambda$errorHandler$0(W3CHandshakeResponse.java:62)
at org.openqa.selenium.remote.HandshakeResponse.lambda$getResponseFunction$0(HandshakeResponse.java:30)
at org.openqa.selenium.remote.ProtocolHandshake.lambda$createSession$0(ProtocolHandshake.java:126)
at java.util.stream.ReferencePipeline$3$1.accept(Unknown Source)
at java.util.Spliterators$ArraySpliterator.tryAdvance(Unknown Source)
at java.util.stream.ReferencePipeline.forEachWithCancel(Unknown Source)
at java.util.stream.AbstractPipeline.copyIntoWithCancel(Unknown Source)
at java.util.stream.AbstractPipeline.copyInto(Unknown Source)
at java.util.stream.AbstractPipeline.wrapAndCopyInto(Unknown Source)
at java.util.stream.FindOps$FindOp.evaluateSequential(Unknown Source)
at java.util.stream.AbstractPipeline.evaluate(Unknown Source)
at java.util.stream.ReferencePipeline.findFirst(Unknown Source)
at org.openqa.selenium.remote.ProtocolHandshake.createSession(ProtocolHandshake.java:128)
at org.openqa.selenium.remote.ProtocolHandshake.createSession(ProtocolHandshake.java:74)
at org.openqa.selenium.remote.HttpCommandExecutor.execute(HttpCommandExecutor.java:136)
at org.openqa.selenium.remote.service.DriverCommandExecutor.execute(DriverCommandExecutor.java:83)
at org.openqa.selenium.remote.RemoteWebDriver.execute(RemoteWebDriver.java:552)
at org.openqa.selenium.remote.RemoteWebDriver.startSession(RemoteWebDriver.java:213)
at org.openqa.selenium.remote.RemoteWebDriver.<init>(RemoteWebDriver.java:131)
at org.openqa.selenium.chrome.ChromeDriver.<init>(ChromeDriver.java:181)
at org.openqa.selenium.chrome.ChromeDriver.<init>(ChromeDriver.java:168)
at org.openqa.selenium.chrome.ChromeDriver.<init>(ChromeDriver.java:123)
at com.crm.qa.base.TestBase.initialization(TestBase.java:45)
at com.crm.qa.testcases.HomePageTest.setUP(HomePageTest.java:31)
at sun.reflect.NativeMethodAccessorImpl.invoke0(Native Method)
at sun.reflect.NativeMethodAccessorImpl.invoke(Unknown Source)
at sun.reflect.DelegatingMethodAccessorImpl.invoke(Unknown Source)
at java.lang.reflect.Method.invoke(Unknown Source)
at org.testng.internal.MethodInvocationHelper.invokeMethod(MethodInvocationHelper.java:134)
at org.testng.internal.MethodInvocationHelper.invokeMethodConsideringTimeout(MethodInvocationHelper.java:63)
at org.testng.internal.ConfigInvoker.invokeConfigurationMethod(ConfigInvoker.java:348)
at org.testng.internal.ConfigInvoker.invokeConfigurations(ConfigInvoker.java:302)
at org.testng.internal.TestInvoker.runConfigMethods(TestInvoker.java:695)
at org.testng.internal.TestInvoker.invokeMethod(TestInvoker.java:523)
at org.testng.internal.TestInvoker.invokeTestMethod(TestInvoker.java:173)
at org.testng.internal.MethodRunner.runInSequence(MethodRunner.java:46)
at org.testng.internal.TestInvoker$MethodInvocationAgent.invoke(TestInvoker.java:816)
at org.testng.internal.TestInvoker.invokeTestMethods(TestInvoker.java:146)
at org.testng.internal.TestMethodWorker.invokeTestMethods(TestMethodWorker.java:146)
at org.testng.internal.TestMethodWorker.run(TestMethodWorker.java:128)
at java.util.ArrayList.forEach(Unknown Source)
at org.testng.TestRunner.privateRun(TestRunner.java:766)
at org.testng.TestRunner.run(TestRunner.java:587)
at org.testng.SuiteRunner.runTest(SuiteRunner.java:384)
at org.testng.SuiteRunner.runSequentially(SuiteRunner.java:378)
at org.testng.SuiteRunner.privateRun(SuiteRunner.java:337)
at org.testng.SuiteRunner.run(SuiteRunner.java:286)
at org.testng.SuiteRunnerWorker.runSuite(SuiteRunnerWorker.java:53)
at org.testng.SuiteRunnerWorker.run(SuiteRunnerWorker.java:96)
at org.testng.TestNG.runSuitesSequentially(TestNG.java:1187)
at org.testng.TestNG.runSuitesLocally(TestNG.java:1109)
at org.testng.TestNG.runSuites(TestNG.java:1039)
at org.testng.TestNG.run(TestNG.java:1007)
at org.apache.maven.surefire.testng.TestNGExecutor.run(TestNGExecutor.java:77)
at org.apache.maven.surefire.testng.TestNGDirectoryTestSuite.executeMulti(TestNGDirectoryTestSuite.java:159)
at org.apache.maven.surefire.testng.TestNGDirectoryTestSuite.execute(TestNGDirectoryTestSuite.java:99)
at org.apache.maven.surefire.testng.TestNGProvider.invoke(TestNGProvider.java:106)
at sun.reflect.NativeMethodAccessorImpl.invoke0(Native Method)
at sun.reflect.NativeMethodAccessorImpl.invoke(Unknown Source)
at sun.reflect.DelegatingMethodAccessorImpl.invoke(Unknown Source)
at java.lang.reflect.Method.invoke(Unknown Source)
at org.apache.maven.surefire.util.ReflectionUtils.invokeMethodWithArray(ReflectionUtils.java:189)
at org.apache.maven.surefire.booter.ProviderFactory$ProviderProxy.invoke(ProviderFactory.java:165)
at org.apache.maven.surefire.booter.ProviderFactory.invokeProvider(ProviderFactory.java:85)
at org.apache.maven.surefire.booter.ForkedBooter.runSuitesInProcess(ForkedBooter.java:115)
at org.apache.maven.surefire.booter.ForkedBooter.main(ForkedBooter.java:75)
]]>
    </error>
  </testcase> <!-- setUP -->
  <system-out/>
  <testcase name="verifyTitleOfHomePageTest" time="0.000" classname="com.crm.qa.testcases.HomePageTest">
    <skipped/>
  </testcase> <!-- verifyTitleOfHomePageTest -->
  <system-out/>
  <testcase name="verifyCorrectUserNameTest" time="0.000" classname="com.crm.qa.testcases.HomePageTest">
    <skipped/>
  </testcase> <!-- verifyCorrectUserNameTest -->
  <system-out/>
  <testcase name="verifyContactsLinkTest" time="0.000" classname="com.crm.qa.testcases.HomePageTest">
    <skipped/>
  </testcase> <!-- verifyContactsLinkTest -->
  <system-out/>
  <testcase name="verifyDealsLinkTest" time="0.000" classname="com.crm.qa.testcases.HomePageTest">
    <skipped/>
  </testcase> <!-- verifyDealsLinkTest -->
  <system-out/>
</testsuite> <!-- com.crm.qa.testcases.HomePageTest -->
